12.10 00:53:39 [Server] info Welcome to GrowSoft, this software can be downloaded from growsoft.cc, remember to check daily for updates! Also join GrowSoft discord to watch updates, the link is in website!
12.10 00:53:39 [Server] info Connected to local database succesfully
12.10 00:53:39 [Server] info One moment, checking for updates...
12.10 00:53:40 [Server] info ... You're running latest version (1)
12.10 00:53:40 [Server] info One moment, getting items.dat from server...
12.10 00:53:56 [Server] info ... Received items.dat (3959699 bytes)
12.10 00:53:56 [Server] info One moment, getting gemstones and custom items from server...
12.10 00:53:58 [Server] info ... Received custom gemstones (200 items)
12.10 00:53:59 [Server] info ... Received custom items (446 items)
12.10 00:53:59 [Server] info One moment, getting item overrides from server...
12.10 00:54:00 [Server] info ... Received item overrides (11 items)
12.10 00:54:00 [Server] info One moment, getting item prices from server...
12.10 00:54:02 [Server] info ... Received item prices (5985 items)
12.10 00:54:02 [Server] info One moment, getting item info from server...
12.10 00:54:05 [Server] info ... Received item info (3962988 bytes)
12.10 00:54:05 [Server] info One moment, getting item recipes from server...
12.10 00:54:08 [Server] info ... Received item recipes (958100 bytes)
12.10 00:54:08 [Server] info ... Received item recipes 2 (14239 bytes)
12.10 00:54:08 [Server] info One moment, synchronizing custom items with server...
12.10 00:54:10 [Server] info ... Custom item textures are ready
12.10 00:54:10 [Server] error Please configure your conf.json file, Discord settings are missing!
